<?xml version="1.0" encoding="UTF-8"?>
<!-- Generated by org.testng.reporters.JUnitXMLReporter -->
<testsuite ignored="0" hostname="DESKTOP-V8TNVA8" failures="0" tests="3" name="Default test" time="0.166" errors="0" timestamp="2023-02-25T14:43:46 IST">
  <testcase classname="aaa.Modifycont" name="createcontact" time="0.035"/>
  <testcase classname="aaa.Modifycont" name="modifycontact" time="0.002"/>
  <testcase classname="aaa.Modifycont" name="deletecontact" time="0.001"/>
</testsuite> <!-- Default test -->
